<?xml version="1.0" encoding="UTF-8"?>
<!-- Generated by org.testng.reporters.JUnitReportReporter -->
<testsuite hostname="abdulraheemPC" failures="0" tests="4" name="login.MyTestcases" time="4.757" errors="0" timestamp="2025-07-12T11:56:03 EET" skipped="3">
  <testcase classname="login.MyTestcases" name="addItemToThecart" time="4.757"/>
  <testcase classname="login.MyTestcases" name="Login">
    <skipped/>
  </testcase> <!-- Login -->
  <testcase classname="login.MyTestcases" name="Logout">
    <skipped/>
  </testcase> <!-- Logout -->
  <testcase classname="login.MyTestcases" name="SignUp">
    <skipped/>
  </testcase> <!-- SignUp -->
</testsuite> <!-- login.MyTestcases -->
